Using pre-set license
Built from '2022.3/staging' branch; Version is '2022.3.2f1 (d74737c6db50) revision 14108471'; Using compiler version '192829333'; Build Type 'Release'
OS: 'Windows 11  (10.0.22621) 64bit Core' Language: 'en' Physical Memory: 31941 MB
BatchMode: 1, IsHumanControllingUs: 0, StartBugReporterOnCrash: 0, Is64bit: 1, IsPro: 1

COMMAND LINE ARGUMENTS:
C:\Program Files\Unity\Hub\Editor\2022.3.2f1\Editor\Unity.exe
-adb2
-batchMode
-noUpm
-name
AssetImportWorker4
-projectPath
C:/Portfolio/Games/Unity/Dabih
-logFile
Logs/AssetImportWorker4.log
-srvPort
62941
Successfully changed project path to: C:/Portfolio/Games/Unity/Dabih
C:/Portfolio/Games/Unity/Dabih
[UnityMemory] Configuration Parameters - Can be set up in boot.config
    "memorysetup-bucket-allocator-granularity=16"
    "memorysetup-bucket-allocator-bucket-count=8"
    "memorysetup-bucket-allocator-block-size=33554432"
    "memorysetup-bucket-allocator-block-count=8"
    "memorysetup-main-allocator-block-size=16777216"
    "memorysetup-thread-allocator-block-size=16777216"
    "memorysetup-gfx-main-allocator-block-size=16777216"
    "memorysetup-gfx-thread-allocator-block-size=16777216"
    "memorysetup-cache-allocator-block-size=4194304"
    "memorysetup-typetree-allocator-block-size=2097152"
    "memorysetup-profiler-bucket-allocator-granularity=16"
    "memorysetup-profiler-bucket-allocator-bucket-count=8"
    "memorysetup-profiler-bucket-allocator-block-size=33554432"
    "memorysetup-profiler-bucket-allocator-block-count=8"
    "memorysetup-profiler-allocator-block-size=16777216"
    "memorysetup-profiler-editor-allocator-block-size=1048576"
    "memorysetup-temp-allocator-size-main=16777216"
    "memorysetup-job-temp-allocator-block-size=2097152"
    "memorysetup-job-temp-allocator-block-size-background=1048576"
    "memorysetup-job-temp-allocator-reduction-small-platforms=262144"
    "memorysetup-allocator-temp-initial-block-size-main=262144"
    "memorysetup-allocator-temp-initial-block-size-worker=262144"
    "memorysetup-temp-allocator-size-background-worker=32768"
    "memorysetup-temp-allocator-size-job-worker=262144"
    "memorysetup-temp-allocator-size-preload-manager=33554432"
    "memorysetup-temp-allocator-size-nav-mesh-worker=65536"
    "memorysetup-temp-allocator-size-audio-worker=65536"
    "memorysetup-temp-allocator-size-cloud-worker=32768"
    "memorysetup-temp-allocator-size-gi-baking-worker=262144"
    "memorysetup-temp-allocator-size-gfx=262144"
Player connection [4484] Host "[IP] 25.19.80.6 [Port] 0 [Flags] 2 [Guid] 2708414667 [EditorId] 2708414667 [Version] 1048832 [Id] WindowsEditor(7,Pathfinder) [Debug] 1 [PackageName] WindowsEditor [ProjectName] Editor" joined multi-casting on [225.0.0.222:54997]...

Player connection [4484] Host "[IP] 25.19.80.6 [Port] 0 [Flags] 2 [Guid] 2708414667 [EditorId] 2708414667 [Version] 1048832 [Id] WindowsEditor(7,Pathfinder) [Debug] 1 [PackageName] WindowsEditor [ProjectName] Editor" joined alternative multi-casting on [225.0.0.222:34997]...

Refreshing native plugins compatible for Editor in 7.88 ms, found 3 plugins.
Preloading 0 native plugins for Editor in 0.00 ms.
Initialize engine version: 2022.3.2f1 (d74737c6db50)
[Subsystems] Discovering subsystems at path C:/Program Files/Unity/Hub/Editor/2022.3.2f1/Editor/Data/Resources/UnitySubsystems
[Subsystems] Discovering subsystems at path C:/Portfolio/Games/Unity/Dabih/Assets
GfxDevice: creating device client; threaded=0; jobified=0
Direct3D:
    Version:  Direct3D 11.0 [level 11.1]
    Renderer: NVIDIA GeForce RTX 3070 Ti Laptop GPU (ID=0x24e0)
    Vendor:   NVIDIA
    VRAM:     8032 MB
    Driver:   31.0.15.3713
Initialize mono
Mono path[0] = 'C:/Program Files/Unity/Hub/Editor/2022.3.2f1/Editor/Data/Managed'
Mono path[1] = 'C:/Program Files/Unity/Hub/Editor/2022.3.2f1/Editor/Data/MonoBleedingEdge/lib/mono/unityjit-win32'
Mono config path = 'C:/Program Files/Unity/Hub/Editor/2022.3.2f1/Editor/Data/MonoBleedingEdge/etc'
Using monoOptions --debugger-agent=transport=dt_socket,embedding=1,server=y,suspend=n,address=127.0.0.1:56444
Begin MonoManager ReloadAssembly
Registering precompiled unity dll's ...
Register platform support module: C:/Program Files/Unity/Hub/Editor/2022.3.2f1/Editor/Data/PlaybackEngines/WebGLSupport/UnityEditor.WebGL.Extensions.dll
Register platform support module: C:/Program Files/Unity/Hub/Editor/2022.3.2f1/Editor/Data/PlaybackEngines/AndroidPlayer/UnityEditor.Android.Extensions.dll
Register platform support module: C:/Program Files/Unity/Hub/Editor/2022.3.2f1/Editor/Data/PlaybackEngines/WindowsStandaloneSupport/UnityEditor.WindowsStandalone.Extensions.dll
Registered in 0.005413 seconds.
- Loaded All Assemblies, in  0.233 seconds
Native extension for WindowsStandalone target not found
Native extension for Android target not found
Android Extension - Scanning For ADB Devices 235 ms
Native extension for WebGL target not found
Mono: successfully reloaded assembly
- Finished resetting the current domain, in  0.484 seconds
Domain Reload Profiling: 716ms
	BeginReloadAssembly (59ms)
		ExecutionOrderSort (0ms)
		DisableScriptedObjects (0ms)
		BackupInstance (0ms)
		ReleaseScriptingObjects (0ms)
		CreateAndSetChildDomain (1ms)
	RebuildCommonClasses (25ms)
	RebuildNativeTypeToScriptingClass (7ms)
	initialDomainReloadingComplete (44ms)
	LoadAllAssembliesAndSetupDomain (97ms)
		LoadAssemblies (58ms)
		RebuildTransferFunctionScriptingTraits (0ms)
		AnalyzeDomain (93ms)
			TypeCache.Refresh (93ms)
				TypeCache.ScanAssembly (85ms)
			ScanForSourceGeneratedMonoScriptInfo (0ms)
			ResolveRequiredComponents (0ms)
	FinalizeReload (484ms)
		ReleaseScriptCaches (0ms)
		RebuildScriptCaches (0ms)
		SetupLoadedEditorAssemblies (434ms)
			LogAssemblyErrors (0ms)
			InitializePlatformSupportModulesInManaged (326ms)
			SetLoadedEditorAssemblies (3ms)
			RefreshPlugins (0ms)
			BeforeProcessingInitializeOnLoad (2ms)
			ProcessInitializeOnLoadAttributes (70ms)
			ProcessInitializeOnLoadMethodAttributes (32ms)
			AfterProcessingInitializeOnLoad (0ms)
			EditorAssembliesLoaded (0ms)
		ExecutionOrderSort2 (0ms)
		AwakeInstancesAfterBackupRestoration (0ms)
========================================================================
Worker process is ready to serve import requests
Begin MonoManager ReloadAssembly
Symbol file LoadedFromMemory doesn't match image C:\Portfolio\Games\Unity\Dabih\Library\PackageCache\com.unity.visualscripting@1.8.0\Editor\VisualScripting.Core\Dependencies\YamlDotNet\Unity.VisualScripting.YamlDotNet.dll
Symbol file LoadedFromMemory doesn't match image C:\Portfolio\Games\Unity\Dabih\Library\PackageCache\com.unity.visualscripting@1.8.0\Editor\VisualScripting.Core\Dependencies\DotNetZip\Unity.VisualScripting.IonicZip.dll
- Loaded All Assemblies, in  0.695 seconds
Refreshing native plugins compatible for Editor in 2.90 ms, found 3 plugins.
Native extension for WindowsStandalone target not found
Native extension for Android target not found
Native extension for WebGL target not found
Mono: successfully reloaded assembly
- Finished resetting the current domain, in  0.654 seconds
Domain Reload Profiling: 1348ms
	BeginReloadAssembly (92ms)
		ExecutionOrderSort (0ms)
		DisableScriptedObjects (4ms)
		BackupInstance (0ms)
		ReleaseScriptingObjects (0ms)
		CreateAndSetChildDomain (19ms)
	RebuildCommonClasses (23ms)
	RebuildNativeTypeToScriptingClass (7ms)
	initialDomainReloadingComplete (30ms)
	LoadAllAssembliesAndSetupDomain (541ms)
		LoadAssemblies (240ms)
		RebuildTransferFunctionScriptingTraits (0ms)
		AnalyzeDomain (339ms)
			TypeCache.Refresh (303ms)
				TypeCache.ScanAssembly (287ms)
			ScanForSourceGeneratedMonoScriptInfo (27ms)
			ResolveRequiredComponents (9ms)
	FinalizeReload (654ms)
		ReleaseScriptCaches (0ms)
		RebuildScriptCaches (0ms)
		SetupLoadedEditorAssemblies (476ms)
			LogAssemblyErrors (0ms)
			InitializePlatformSupportModulesInManaged (23ms)
			SetLoadedEditorAssemblies (4ms)
			RefreshPlugins (0ms)
			BeforeProcessingInitializeOnLoad (76ms)
			ProcessInitializeOnLoadAttributes (314ms)
			ProcessInitializeOnLoadMethodAttributes (54ms)
			AfterProcessingInitializeOnLoad (4ms)
			EditorAssembliesLoaded (0ms)
		ExecutionOrderSort2 (0ms)
		AwakeInstancesAfterBackupRestoration (4ms)
Launched and connected shader compiler UnityShaderCompiler.exe after 0.04 seconds
Refreshing native plugins compatible for Editor in 2.85 ms, found 3 plugins.
Preloading 0 native plugins for Editor in 0.00 ms.
Unloading 5961 Unused Serialized files (Serialized files now loaded: 0)
Unloading 91 unused Assets / (0.6 MB). Loaded Objects now: 6448.
Memory consumption went from 252.1 MB to 251.5 MB.
Total: 4.232600 ms (FindLiveObjects: 0.581900 ms CreateObjectMapping: 0.276800 ms MarkObjects: 2.971100 ms  DeleteObjects: 0.402200 ms)

AssetImportParameters requested are different than current active one (requested -> active):
  custom:container-demuxer-ogg: 62fdf1f143b41e24485cea50d1cbac27 -> 
  custom:video-codec-MediaFoundation-h265: 746d11721c4dcdbdad8f713fa42b33f4 -> 
  custom:video-decoder-ogg-theora: a1e56fd34408186e4bbccfd4996cb3dc -> 
  custom:framework-win-MediaFoundation: 216162199b28c13a410421893ffa2e32 -> 
  custom:container-demuxer-webm: 4f35f7cbe854078d1ac9338744f61a02 -> 
  custom:container-muxer-webm: aa71ff27fc2769a1b78a27578f13a17b -> 
  custom:video-decoder-webm-vp8: 9c59270c3fd7afecdb556c50c9e8de78 -> 
  custom:AudioImporter_EditorPlatform: d09bf68614088b80899f8185d706f6e7 -> 
  custom:video-encoder-webm-vp8: eb34c28f22e8b96e1ab97ce403110664 -> 
  custom:audio-decoder-ogg-vorbis: bf7c407c2cedff20999df2af8eb42d56 -> 
  custom:audio-encoder-webm-vorbis: bf7c407c2cedff20999df2af8eb42d56 -> 
========================================================================
Received Import Request.
  Time since last request: 558066.694848 seconds.
  path: Assets/Imports/Castle Valley Collection 1/Textures/Details
  artifactKey: Guid(fc777b453715d4541a430b2e879f2250) Importer(815301076,1909f56bfc062723c751e8b465ee728b)
Start importing Assets/Imports/Castle Valley Collection 1/Textures/Details using Guid(fc777b453715d4541a430b2e879f2250) Importer(815301076,1909f56bfc062723c751e8b465ee728b)  -> (artifact id: '194e9a1455c2e5c0b9627d4734e24fa5') in 0.002087 seconds
Number of updated asset objects reloaded before import = 0
Number of asset objects unloaded after import = 0
========================================================================
Received Import Request.
  Time since last request: 0.035700 seconds.
  path: Assets/Imports/Castle Valley Collection 1/Textures/Details/Texture_Deer_Skull_Color_01.png
  artifactKey: Guid(bc621dc8fa0448a43a93096fa8ff9549) Importer(815301076,1909f56bfc062723c751e8b465ee728b)
Start importing Assets/Imports/Castle Valley Collection 1/Textures/Details/Texture_Deer_Skull_Color_01.png using Guid(bc621dc8fa0448a43a93096fa8ff9549) Importer(815301076,1909f56bfc062723c751e8b465ee728b)  -> (artifact id: '10f48bd17fb28c590968a4ff3df0c31e') in 0.008330 seconds
Number of updated asset objects reloaded before import = 0
Number of asset objects unloaded after import = 1
========================================================================
Received Import Request.
  Time since last request: 0.000164 seconds.
  path: Assets/Imports/Castle Valley Collection 1/Textures/Details/Texture_Detail_Rocks_Color_01.png
  artifactKey: Guid(688515aba2f2cfa4c9d4de1344ed3784) Importer(815301076,1909f56bfc062723c751e8b465ee728b)
Start importing Assets/Imports/Castle Valley Collection 1/Textures/Details/Texture_Detail_Rocks_Color_01.png using Guid(688515aba2f2cfa4c9d4de1344ed3784) Importer(815301076,1909f56bfc062723c751e8b465ee728b)  -> (artifact id: '89815b2545b4d0f7ad989047152d1112') in 0.001638 seconds
Number of updated asset objects reloaded before import = 0
Number of asset objects unloaded after import = 1
========================================================================
Received Import Request.
  Time since last request: 3.611536 seconds.
  path: Assets/Imports/Castle Valley Collection 1/Textures/Decals
  artifactKey: Guid(8ba59f717ae44b6489af358b7518d132) Importer(815301076,1909f56bfc062723c751e8b465ee728b)
Start importing Assets/Imports/Castle Valley Collection 1/Textures/Decals using Guid(8ba59f717ae44b6489af358b7518d132) Importer(815301076,1909f56bfc062723c751e8b465ee728b)  -> (artifact id: '3d825878f6952db516b897dfd6b884fb') in 0.000672 seconds
Number of updated asset objects reloaded before import = 0
Number of asset objects unloaded after import = 0
========================================================================
Received Import Request.
  Time since last request: 0.050092 seconds.
  path: Assets/Imports/Castle Valley Collection 1/Textures/Decals/Erosion_Cuts_01_Color.png
  artifactKey: Guid(719d7e625b1a91248b1d1e701b02ad4d) Importer(815301076,1909f56bfc062723c751e8b465ee728b)
Start importing Assets/Imports/Castle Valley Collection 1/Textures/Decals/Erosion_Cuts_01_Color.png using Guid(719d7e625b1a91248b1d1e701b02ad4d) Importer(815301076,1909f56bfc062723c751e8b465ee728b)  -> (artifact id: '5ac35d33ba9c6be9a48b707a6eb93028') in 0.002257 seconds
Number of updated asset objects reloaded before import = 0
Number of asset objects unloaded after import = 1
========================================================================
Received Import Request.
  Time since last request: 0.000076 seconds.
  path: Assets/Imports/Castle Valley Collection 1/Textures/Decals/Erosion_Cuts_03_Color.png
  artifactKey: Guid(4923a3f3c6d37de41979f66c7e7d3e70) Importer(815301076,1909f56bfc062723c751e8b465ee728b)
Start importing Assets/Imports/Castle Valley Collection 1/Textures/Decals/Erosion_Cuts_03_Color.png using Guid(4923a3f3c6d37de41979f66c7e7d3e70) Importer(815301076,1909f56bfc062723c751e8b465ee728b)  -> (artifact id: '18194307692da37f9d285414ea138269') in 0.001466 seconds
Number of updated asset objects reloaded before import = 0
Number of asset objects unloaded after import = 1
========================================================================
Received Import Request.
  Time since last request: 0.000014 seconds.
  path: Assets/Imports/Castle Valley Collection 1/Textures/Decals/Erosion_Cuts_03_Mask.png
  artifactKey: Guid(a435877ee91142140a6da09e5919ce8e) Importer(815301076,1909f56bfc062723c751e8b465ee728b)
Start importing Assets/Imports/Castle Valley Collection 1/Textures/Decals/Erosion_Cuts_03_Mask.png using Guid(a435877ee91142140a6da09e5919ce8e) Importer(815301076,1909f56bfc062723c751e8b465ee728b)  -> (artifact id: '924d9c0ae86f813242e9ff60df3727f8') in 0.001291 seconds
Number of updated asset objects reloaded before import = 0
Number of asset objects unloaded after import = 1
========================================================================
Received Import Request.
  Time since last request: 0.003629 seconds.
  path: Assets/Imports/Castle Valley Collection 1/Textures/Decals/Erosion_Cuts_04_Color.png
  artifactKey: Guid(453092ed145be71449f8ef61d7378183) Importer(815301076,1909f56bfc062723c751e8b465ee728b)
Start importing Assets/Imports/Castle Valley Collection 1/Textures/Decals/Erosion_Cuts_04_Color.png using Guid(453092ed145be71449f8ef61d7378183) Importer(815301076,1909f56bfc062723c751e8b465ee728b)  -> (artifact id: '7589b85535121803a92256a04822edd0') in 0.001275 seconds
Number of updated asset objects reloaded before import = 0
Number of asset objects unloaded after import = 1
========================================================================
Received Import Request.
  Time since last request: 0.003984 seconds.
  path: Assets/Imports/Castle Valley Collection 1/Textures/Decals/Erosion_Cuts_04_Mask.png
  artifactKey: Guid(9844cadddcc49a04d8023f367ba1e16d) Importer(815301076,1909f56bfc062723c751e8b465ee728b)
Start importing Assets/Imports/Castle Valley Collection 1/Textures/Decals/Erosion_Cuts_04_Mask.png using Guid(9844cadddcc49a04d8023f367ba1e16d) Importer(815301076,1909f56bfc062723c751e8b465ee728b)  -> (artifact id: '7dd11aa371d38f025970d48f7f5426f4') in 0.001813 seconds
Number of updated asset objects reloaded before import = 0
Number of asset objects unloaded after import = 1
========================================================================
Received Import Request.
  Time since last request: 0.000087 seconds.
  path: Assets/Imports/Castle Valley Collection 1/Textures/Decals/Rock_Outcropping_04_Mask.png
  artifactKey: Guid(0cbeb9828bb55e348a9f0128c2046314) Importer(815301076,1909f56bfc062723c751e8b465ee728b)
Start importing Assets/Imports/Castle Valley Collection 1/Textures/Decals/Rock_Outcropping_04_Mask.png using Guid(0cbeb9828bb55e348a9f0128c2046314) Importer(815301076,1909f56bfc062723c751e8b465ee728b)  -> (artifact id: 'e3921c09b0f0d0a7fbf6468e71f56346') in 0.001681 seconds
Number of updated asset objects reloaded before import = 0
Number of asset objects unloaded after import = 1
========================================================================
Received Import Request.
  Time since last request: 0.000017 seconds.
  path: Assets/Imports/Castle Valley Collection 1/Textures/Decals/Rock_Outcropping_03_Mask.png
  artifactKey: Guid(e696bcfaad272f341bb00a80514c6baa) Importer(815301076,1909f56bfc062723c751e8b465ee728b)
Start importing Assets/Imports/Castle Valley Collection 1/Textures/Decals/Rock_Outcropping_03_Mask.png using Guid(e696bcfaad272f341bb00a80514c6baa) Importer(815301076,1909f56bfc062723c751e8b465ee728b)  -> (artifact id: 'af349f3ca2087359a616bfa595972720') in 0.001514 seconds
Number of updated asset objects reloaded before import = 0
Number of asset objects unloaded after import = 1
========================================================================
Received Import Request.
  Time since last request: 0.000013 seconds.
  path: Assets/Imports/Castle Valley Collection 1/Textures/Decals/Rock_Outcropping_04_Normals.png
  artifactKey: Guid(e57adc280089c9b41896dcc8f4267302) Importer(815301076,1909f56bfc062723c751e8b465ee728b)
Start importing Assets/Imports/Castle Valley Collection 1/Textures/Decals/Rock_Outcropping_04_Normals.png using Guid(e57adc280089c9b41896dcc8f4267302) Importer(815301076,1909f56bfc062723c751e8b465ee728b)  -> (artifact id: '7dde00dc970718cbf2509bab5b770366') in 0.001064 seconds
Number of updated asset objects reloaded before import = 0
Number of asset objects unloaded after import = 1
========================================================================
Received Import Request.
  Time since last request: 0.000034 seconds.
  path: Assets/Imports/Castle Valley Collection 1/Textures/Decals/Rock_Outcropping_02_Normals.png
  artifactKey: Guid(e8bc935c4fed3d54dafc2842bd4f8170) Importer(815301076,1909f56bfc062723c751e8b465ee728b)
Start importing Assets/Imports/Castle Valley Collection 1/Textures/Decals/Rock_Outcropping_02_Normals.png using Guid(e8bc935c4fed3d54dafc2842bd4f8170) Importer(815301076,1909f56bfc062723c751e8b465ee728b)  -> (artifact id: '70fb241498e178ec47398799d3471039') in 0.001813 seconds
Number of updated asset objects reloaded before import = 0
Number of asset objects unloaded after import = 1
========================================================================
Received Import Request.
  Time since last request: 0.000014 seconds.
  path: Assets/Imports/Castle Valley Collection 1/Textures/Decals/Weed_Patch_01_Color.png
  artifactKey: Guid(10be63954faebcc418ddeb27e6d81d95) Importer(815301076,1909f56bfc062723c751e8b465ee728b)
Start importing Assets/Imports/Castle Valley Collection 1/Textures/Decals/Weed_Patch_01_Color.png using Guid(10be63954faebcc418ddeb27e6d81d95) Importer(815301076,1909f56bfc062723c751e8b465ee728b)  -> (artifact id: '03defa884319e8ebf7906d680f4ae4c7') in 0.001083 seconds
Number of updated asset objects reloaded before import = 0
Number of asset objects unloaded after import = 1
========================================================================
Received Import Request.
  Time since last request: 0.000048 seconds.
  path: Assets/Imports/Castle Valley Collection 1/Textures/Decals/Rock_Outcropping_02_Color.png
  artifactKey: Guid(4c28965b2aed1cb448f8855f440df5b5) Importer(815301076,1909f56bfc062723c751e8b465ee728b)
Start importing Assets/Imports/Castle Valley Collection 1/Textures/Decals/Rock_Outcropping_02_Color.png using Guid(4c28965b2aed1cb448f8855f440df5b5) Importer(815301076,1909f56bfc062723c751e8b465ee728b)  -> (artifact id: 'e816a967d60c4d7f04ccc62840585e29') in 0.001435 seconds
Number of updated asset objects reloaded before import = 0
Number of asset objects unloaded after import = 1
========================================================================
Received Import Request.
  Time since last request: 0.000012 seconds.
  path: Assets/Imports/Castle Valley Collection 1/Textures/Decals/Weed_Patch_01_Mask.png
  artifactKey: Guid(e19dd065e68151d409b9b40eb6ddcb1a) Importer(815301076,1909f56bfc062723c751e8b465ee728b)
Start importing Assets/Imports/Castle Valley Collection 1/Textures/Decals/Weed_Patch_01_Mask.png using Guid(e19dd065e68151d409b9b40eb6ddcb1a) Importer(815301076,1909f56bfc062723c751e8b465ee728b)  -> (artifact id: 'b9af53f4c9ee18dd232554483bd45738') in 0.001269 seconds
Number of updated asset objects reloaded before import = 0
Number of asset objects unloaded after import = 1
========================================================================
Received Import Request.
  Time since last request: 0.000053 seconds.
  path: Assets/Imports/Castle Valley Collection 1/Textures/Decals/Rock_Outcropping_02_Mask.png
  artifactKey: Guid(958670f0526c16842aa519fca4b81dea) Importer(815301076,1909f56bfc062723c751e8b465ee728b)
Start importing Assets/Imports/Castle Valley Collection 1/Textures/Decals/Rock_Outcropping_02_Mask.png using Guid(958670f0526c16842aa519fca4b81dea) Importer(815301076,1909f56bfc062723c751e8b465ee728b)  -> (artifact id: 'bd9f7c29f24abe1468a03582d9d3a6b8') in 0.001508 seconds
Number of updated asset objects reloaded before import = 0
Number of asset objects unloaded after import = 1
========================================================================
Received Import Request.
  Time since last request: 0.000054 seconds.
  path: Assets/Imports/Castle Valley Collection 1/Textures/Decals/Rock_Outcropping_06_Normals.png
  artifactKey: Guid(4299606bc9c176e48a8e821f3688326e) Importer(815301076,1909f56bfc062723c751e8b465ee728b)
Start importing Assets/Imports/Castle Valley Collection 1/Textures/Decals/Rock_Outcropping_06_Normals.png using Guid(4299606bc9c176e48a8e821f3688326e) Importer(815301076,1909f56bfc062723c751e8b465ee728b)  -> (artifact id: '932013eb3520c0146f31b694379c53db') in 0.001057 seconds
Number of updated asset objects reloaded before import = 0
Number of asset objects unloaded after import = 1
========================================================================
Received Import Request.
  Time since last request: 0.009001 seconds.
  path: Assets/Imports/Castle Valley Collection 1/Textures/Decals/Weed_Patch_02_Color.png
  artifactKey: Guid(c71396d781083c247a4958bc6c33be69) Importer(815301076,1909f56bfc062723c751e8b465ee728b)
Start importing Assets/Imports/Castle Valley Collection 1/Textures/Decals/Weed_Patch_02_Color.png using Guid(c71396d781083c247a4958bc6c33be69) Importer(815301076,1909f56bfc062723c751e8b465ee728b)  -> (artifact id: '4dab84c5007f1007693d575fac7db726') in 0.001154 seconds
Number of updated asset objects reloaded before import = 0
Number of asset objects unloaded after import = 1
========================================================================
Received Import Request.
  Time since last request: 0.006073 seconds.
  path: Assets/Imports/Castle Valley Collection 1/Textures/Decals/Weed_Patch_02_Mask.png
  artifactKey: Guid(06aeec62c85afbe4fbd470aeef39f6a1) Importer(815301076,1909f56bfc062723c751e8b465ee728b)
Start importing Assets/Imports/Castle Valley Collection 1/Textures/Decals/Weed_Patch_02_Mask.png using Guid(06aeec62c85afbe4fbd470aeef39f6a1) Importer(815301076,1909f56bfc062723c751e8b465ee728b)  -> (artifact id: 'eb9eb9165c9f507d24a32feb3944946d') in 0.001141 seconds
Number of updated asset objects reloaded before import = 0
Number of asset objects unloaded after import = 1
========================================================================
Received Import Request.
  Time since last request: 0.000013 seconds.
  path: Assets/Imports/Castle Valley Collection 1/Textures/Decals/Weed_Patch_04_Mask.png
  artifactKey: Guid(c08a4978179d9ce4a8dbdfadbf546347) Importer(815301076,1909f56bfc062723c751e8b465ee728b)
Start importing Assets/Imports/Castle Valley Collection 1/Textures/Decals/Weed_Patch_04_Mask.png using Guid(c08a4978179d9ce4a8dbdfadbf546347) Importer(815301076,1909f56bfc062723c751e8b465ee728b)  -> (artifact id: '565d1073a36813414d0d38c2bb87004d') in 0.001689 seconds
Number of updated asset objects reloaded before import = 0
Number of asset objects unloaded after import = 1
========================================================================
Received Import Request.
  Time since last request: 0.000013 seconds.
  path: Assets/Imports/Castle Valley Collection 1/Textures/Decals/Weed_Patch_04_Normals.png
  artifactKey: Guid(4191b9be1d4e21149bcba0ff247c9317) Importer(815301076,1909f56bfc062723c751e8b465ee728b)
Start importing Assets/Imports/Castle Valley Collection 1/Textures/Decals/Weed_Patch_04_Normals.png using Guid(4191b9be1d4e21149bcba0ff247c9317) Importer(815301076,1909f56bfc062723c751e8b465ee728b)  -> (artifact id: 'a1c6cb693975e34e41a46fcb563ce743') in 0.001412 seconds
Number of updated asset objects reloaded before import = 0
Number of asset objects unloaded after import = 1
========================================================================
Received Prepare
Begin MonoManager ReloadAssembly
Symbol file LoadedFromMemory doesn't match image C:\Portfolio\Games\Unity\Dabih\Library\PackageCache\com.unity.visualscripting@1.8.0\Editor\VisualScripting.Core\Dependencies\YamlDotNet\Unity.VisualScripting.YamlDotNet.dll
Symbol file LoadedFromMemory doesn't match image C:\Portfolio\Games\Unity\Dabih\Library\PackageCache\com.unity.visualscripting@1.8.0\Editor\VisualScripting.Core\Dependencies\DotNetZip\Unity.VisualScripting.IonicZip.dll
- Loaded All Assemblies, in  0.645 seconds
Refreshing native plugins compatible for Editor in 2.42 ms, found 3 plugins.
Native extension for WindowsStandalone target not found
Native extension for Android target not found
Native extension for WebGL target not found
Mono: successfully reloaded assembly
- Finished resetting the current domain, in  0.971 seconds
Domain Reload Profiling: 1614ms
	BeginReloadAssembly (128ms)
		ExecutionOrderSort (0ms)
		DisableScriptedObjects (4ms)
		BackupInstance (0ms)
		ReleaseScriptingObjects (0ms)
		CreateAndSetChildDomain (42ms)
	RebuildCommonClasses (25ms)
	RebuildNativeTypeToScriptingClass (8ms)
	initialDomainReloadingComplete (26ms)
	LoadAllAssembliesAndSetupDomain (455ms)
		LoadAssemblies (231ms)
		RebuildTransferFunctionScriptingTraits (0ms)
		AnalyzeDomain (272ms)
			TypeCache.Refresh (264ms)
				TypeCache.ScanAssembly (251ms)
			ScanForSourceGeneratedMonoScriptInfo (0ms)
			ResolveRequiredComponents (8ms)
	FinalizeReload (972ms)
		ReleaseScriptCaches (0ms)
		RebuildScriptCaches (0ms)
		SetupLoadedEditorAssemblies (501ms)
			LogAssemblyErrors (0ms)
			InitializePlatformSupportModulesInManaged (20ms)
			SetLoadedEditorAssemblies (5ms)
			RefreshPlugins (0ms)
			BeforeProcessingInitializeOnLoad (79ms)
			ProcessInitializeOnLoadAttributes (318ms)
			ProcessInitializeOnLoadMethodAttributes (73ms)
			AfterProcessingInitializeOnLoad (6ms)
			EditorAssembliesLoaded (0ms)
		ExecutionOrderSort2 (0ms)
		AwakeInstancesAfterBackupRestoration (10ms)
Refreshing native plugins compatible for Editor in 3.41 ms, found 3 plugins.
Preloading 0 native plugins for Editor in 0.00 ms.
Unloading 5787 Unused Serialized files (Serialized files now loaded: 0)
Unloading 45 unused Assets / (0.6 MB). Loaded Objects now: 6465.
Memory consumption went from 218.8 MB to 218.1 MB.
Total: 4.718400 ms (FindLiveObjects: 0.472600 ms CreateObjectMapping: 0.476500 ms MarkObjects: 3.277500 ms  DeleteObjects: 0.490600 ms)

Prepare: number of updated asset objects reloaded= 0
AssetImportParameters requested are different than current active one (requested -> active):
  custom:container-demuxer-ogg: 62fdf1f143b41e24485cea50d1cbac27 -> 
  custom:video-codec-MediaFoundation-h265: 746d11721c4dcdbdad8f713fa42b33f4 -> 
  custom:video-decoder-ogg-theora: a1e56fd34408186e4bbccfd4996cb3dc -> 
  custom:framework-win-MediaFoundation: 216162199b28c13a410421893ffa2e32 -> 
  custom:container-demuxer-webm: 4f35f7cbe854078d1ac9338744f61a02 -> 
  custom:container-muxer-webm: aa71ff27fc2769a1b78a27578f13a17b -> 
  custom:video-decoder-webm-vp8: 9c59270c3fd7afecdb556c50c9e8de78 -> 
  custom:AudioImporter_EditorPlatform: d09bf68614088b80899f8185d706f6e7 -> 
  custom:video-encoder-webm-vp8: eb34c28f22e8b96e1ab97ce403110664 -> 
  custom:audio-decoder-ogg-vorbis: bf7c407c2cedff20999df2af8eb42d56 -> 
  custom:audio-encoder-webm-vorbis: bf7c407c2cedff20999df2af8eb42d56 -> 
Editor requested this worker to shutdown with reason: Scaling down because of idle timeout
TcpMessagingSession - receive error: operation aborted. errorcode: 995, details: The I/O operation has been aborted because of either a thread exit or an application request.
AssetImportWorker is now disconnected from the server
Process exiting
Exiting without the bug reporter. Application will terminate with return code 0